[debug] [2022-09-05T21:54:00.255Z] ----------------------------------------------------------------------
[debug] [2022-09-05T21:54:00.258Z] Command:       C:\Program Files\nodejs\node.exe C:\Users\HP-PC\AppData\Roaming\npm\node_modules\firebase-tools\lib\bin\firebase.js init
[debug] [2022-09-05T21:54:00.259Z] CLI Version:   11.8.0
[debug] [2022-09-05T21:54:00.259Z] Platform:      win32
[debug] [2022-09-05T21:54:00.259Z] Node Version:  v16.13.2
[debug] [2022-09-05T21:54:00.261Z] Time:          Tue Sep 06 2022 03:24:00 GMT+0530 (India Standard Time)
[debug] [2022-09-05T21:54:00.261Z] ----------------------------------------------------------------------
[debug] 
[debug] [2022-09-05T21:54:00.271Z] > command requires scopes: ["email","openid","https://www.googleapis.com/auth/cloudplatformprojects.readonly","https://www.googleapis.com/auth/firebase","https://www.googleapis.com/auth/cloud-platform"]
[debug] [2022-09-05T21:54:00.272Z] > authorizing via signed-in user (rohithegade8@gmail.com)
[info] 
     ######## #### ########  ######## ########     ###     ######  ########
     ##        ##  ##     ## ##       ##     ##  ##   ##  ##       ##
     ######    ##  ########  ######   ########  #########  ######  ######
     ##        ##  ##    ##  ##       ##     ## ##     ##       ## ##
     ##       #### ##     ## ######## ########  ##     ##  ######  ########

You're about to initialize a Firebase project in this directory:

  G:\TInder Clone\frontend

[info] 
=== Project Setup
[info] 
[info] First, let's associate this project directory with a Firebase project.
[info] You can create multiple project aliases by running firebase use --add, 
[info] but for now we'll just set up a default project.
[info] 
[debug] [2022-09-05T21:54:53.346Z] > refreshing access token with scopes: []
[debug] [2022-09-05T21:54:53.349Z] >>> [apiv2][query] POST https://www.googleapis.com/oauth2/v3/token [none]
[debug] [2022-09-05T21:54:53.350Z] >>> [apiv2][body] POST https://www.googleapis.com/oauth2/v3/token [omitted]
[debug] [2022-09-05T21:54:53.622Z] <<< [apiv2][status] POST https://www.googleapis.com/oauth2/v3/token 200
[debug] [2022-09-05T21:54:53.623Z] <<< [apiv2][body] POST https://www.googleapis.com/oauth2/v3/token [omitted]
[debug] [2022-09-05T21:54:53.642Z] >>> [apiv2][query] GET https://firebase.googleapis.com/v1beta1/projects pageSize=100
[debug] [2022-09-05T21:54:54.654Z] <<< [apiv2][status] GET https://firebase.googleapis.com/v1beta1/projects 200
[debug] [2022-09-05T21:54:54.655Z] <<< [apiv2][body] GET https://firebase.googleapis.com/v1beta1/projects [omitted]
[info] i  Using project tinder-clone-cbd86 (tinder-clone) 
[info] 
=== Hosting Setup
[info] 
[info] Your public directory is the folder (relative to your project directory) that
[info] will contain Hosting assets to be uploaded with firebase deploy. If you
[info] have a build process for your assets, use your build's output directory.
[info] 
[debug] [2022-09-05T21:56:18.457Z] >>> [apiv2][query] GET https://www.gstatic.com/firebasejs/releases.json [none]
[debug] [2022-09-05T21:56:18.780Z] <<< [apiv2][status] GET https://www.gstatic.com/firebasejs/releases.json 200
[debug] [2022-09-05T21:56:18.780Z] <<< [apiv2][body] GET https://www.gstatic.com/firebasejs/releases.json {"current":{"version":"9.9.4","browserURL":"https://www.gstatic.com/firebasejs/9.9.4/firebase.js","packageURL":"https://www.gstatic.com/firebasejs/9.9.4/firebase.tgz"},"live":{"version":"9.9","browserURL":"https://www.gstatic.com/firebasejs/live/9.9/firebase.js","packageURL":"https://www.gstatic.com/firebasejs/live/9.9/firebase.tgz"},"components":{"analytics":"https://www.gstatic.com/firebasejs/9.9.4/firebase-analytics.js","app":"https://www.gstatic.com/firebasejs/9.9.4/firebase-app.js","app-check":"https://www.gstatic.com/firebasejs/9.9.4/firebase-app-check.js","auth":"https://www.gstatic.com/firebasejs/9.9.4/firebase-auth.js","auth/cordova":"https://www.gstatic.com/firebasejs/9.9.4/firebase-auth/cordova.js","auth/react-native":"https://www.gstatic.com/firebasejs/9.9.4/firebase-auth/react-native.js","functions":"https://www.gstatic.com/firebasejs/9.9.4/firebase-functions.js","firestore":"https://www.gstatic.com/firebasejs/9.9.4/firebase-firestore.js","firestore/lite":"https://www.gstatic.com/firebasejs/9.9.4/firebase-firestore/lite.js","installations":"https://www.gstatic.com/firebasejs/9.9.4/firebase-installations.js","storage":"https://www.gstatic.com/firebasejs/9.9.4/firebase-storage.js","performance":"https://www.gstatic.com/firebasejs/9.9.4/firebase-performance.js","remote-config":"https://www.gstatic.com/firebasejs/9.9.4/firebase-remote-config.js","messaging":"https://www.gstatic.com/firebasejs/9.9.4/firebase-messaging.js","messaging/sw":"https://www.gstatic.com/firebasejs/9.9.4/firebase-messaging/sw.js","database":"https://www.gstatic.com/firebasejs/9.9.4/firebase-database.js","firestore.memory":"https://www.gstatic.com/firebasejs/9.9.4/firebase-firestore.memory.js"}}
[info] +  Wrote build/index.html 
[info] 
[info] i  Detected a .git folder at G:\TInder Clone\frontend 
[info] i  Authorizing with GitHub to upload your service account to a GitHub repository's secrets store. 
[info] 
[info] Visit this URL on this device to log in:
[info] https://github.com/login/oauth/authorize?client_id=89cf50f02ac6aaed3484&state=116473390&redirect_uri=http%3A%2F%2Flocalhost%3A9005&scope=read%3Auser%20repo%20public_repo
[info] 
[info] Waiting for authentication...
[debug] [2022-09-05T21:57:11.572Z] >>> [apiv2][query] POST https://github.com/login/oauth/access_token [none]
[debug] [2022-09-05T21:57:11.572Z] >>> [apiv2][body] POST https://github.com/login/oauth/access_token [stream]
[debug] [2022-09-05T21:57:12.123Z] <<< [apiv2][status] POST https://github.com/login/oauth/access_token 200
[debug] [2022-09-05T21:57:12.123Z] <<< [apiv2][body] POST https://github.com/login/oauth/access_token {"access_token":"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","token_type":"bearer","scope":"read:user,repo"}
[debug] [2022-09-05T21:57:12.136Z] >>> [apiv2][query] GET https://api.github.com/user [none]
[debug] [2022-09-05T21:57:12.628Z] <<< [apiv2][status] GET https://api.github.com/user 200
[debug] [2022-09-05T21:57:12.629Z] <<< [apiv2][body] GET https://api.github.com/user {"login":"Rohithegade02","id":60090023,"node_id":"MDQ6VXNlcjYwMDkwMDIz","avatar_url":"https://avatars.githubusercontent.com/u/60090023?v=4","gravatar_id":"","url":"https://api.github.com/users/Rohithegade02","html_url":"https://github.com/Rohithegade02","followers_url":"https://api.github.com/users/Rohithegade02/followers","following_url":"https://api.github.com/users/Rohithegade02/following{/other_user}","gists_url":"https://api.github.com/users/Rohithegade02/gists{/gist_id}","starred_url":"https://api.github.com/users/Rohithegade02/starred{/owner}{/repo}","subscriptions_url":"https://api.github.com/users/Rohithegade02/subscriptions","organizations_url":"https://api.github.com/users/Rohithegade02/orgs","repos_url":"https://api.github.com/users/Rohithegade02/repos","events_url":"https://api.github.com/users/Rohithegade02/events{/privacy}","received_events_url":"https://api.github.com/users/Rohithegade02/received_events","type":"User","site_admin":false,"name":null,"company":null,"blog":"","location":null,"email":null,"hireable":null,"bio":null,"twitter_username":null,"public_repos":6,"public_gists":0,"followers":0,"following":1,"created_at":"2020-01-20T07:49:05Z","updated_at":"2022-08-29T13:06:45Z","private_gists":0,"total_private_repos":5,"owned_private_repos":5,"disk_usage":3119,"collaborators":0,"two_factor_authentication":false,"plan":{"name":"free","space":976562499,"collaborators":0,"private_repos":10000}}
[info] 
[info] +  Success! Logged into GitHub as Rohithegade02 
[info] 
[debug] [2022-09-05T21:58:46.589Z] >>> [apiv2][query] GET https://api.github.com/repos/tinder/actions/secrets/public-key type=owner
[debug] [2022-09-05T21:58:47.067Z] <<< [apiv2][status] GET https://api.github.com/repos/tinder/actions/secrets/public-key 404
[debug] [2022-09-05T21:58:47.067Z] <<< [apiv2][body] GET https://api.github.com/repos/tinder/actions/secrets/public-key {"message":"Not Found","documentation_url":"https://docs.github.com/rest"}
[debug] [2022-09-05T21:58:47.829Z] >>> [apiv2][query] GET https://api.github.com/repos/tinder/actions/secrets/public-key type=owner
[debug] [2022-09-05T21:58:48.300Z] <<< [apiv2][status] GET https://api.github.com/repos/tinder/actions/secrets/public-key 404
[debug] [2022-09-05T21:58:48.301Z] <<< [apiv2][body] GET https://api.github.com/repos/tinder/actions/secrets/public-key {"message":"Not Found","documentation_url":"https://docs.github.com/rest"}
[debug] [2022-09-05T21:58:52.631Z] >>> [apiv2][query] GET https://api.github.com/repos/yes/actions/secrets/public-key type=owner
[debug] [2022-09-05T21:58:53.052Z] <<< [apiv2][status] GET https://api.github.com/repos/yes/actions/secrets/public-key 404
[debug] [2022-09-05T21:58:53.052Z] <<< [apiv2][body] GET https://api.github.com/repos/yes/actions/secrets/public-key {"message":"Not Found","documentation_url":"https://docs.github.com/rest"}
[debug] [2022-09-05T21:59:01.265Z] >>> [apiv2][query] GET https://api.github.com/repos/repository/actions/secrets/public-key type=owner
[debug] [2022-09-05T21:59:01.783Z] <<< [apiv2][status] GET https://api.github.com/repos/repository/actions/secrets/public-key 404
[debug] [2022-09-05T21:59:01.783Z] <<< [apiv2][body] GET https://api.github.com/repos/repository/actions/secrets/public-key {"message":"Not Found","documentation_url":"https://docs.github.com/rest"}
[debug] [2022-09-05T21:59:02.587Z] >>> [apiv2][query] GET https://api.github.com/repos/repository/actions/secrets/public-key type=owner
[debug] [2022-09-05T21:59:03.031Z] <<< [apiv2][status] GET https://api.github.com/repos/repository/actions/secrets/public-key 404
[debug] [2022-09-05T21:59:03.031Z] <<< [apiv2][body] GET https://api.github.com/repos/repository/actions/secrets/public-key {"message":"Not Found","documentation_url":"https://docs.github.com/rest"}
[debug] [2022-09-05T21:59:13.816Z] >>> [apiv2][query] GET https://api.github.com/repos//actions/secrets/public-key type=owner
[debug] [2022-09-05T21:59:14.361Z] <<< [apiv2][status] GET https://api.github.com/repos//actions/secrets/public-key 404
[debug] [2022-09-05T21:59:14.361Z] <<< [apiv2][body] GET https://api.github.com/repos//actions/secrets/public-key {"message":"Not Found","documentation_url":"https://docs.github.com/rest"}
[debug] [2022-09-05T21:59:16.078Z] >>> [apiv2][query] GET https://api.github.com/repos/yes/actions/secrets/public-key type=owner
[debug] [2022-09-05T21:59:16.530Z] <<< [apiv2][status] GET https://api.github.com/repos/yes/actions/secrets/public-key 404
[debug] [2022-09-05T21:59:16.530Z] <<< [apiv2][body] GET https://api.github.com/repos/yes/actions/secrets/public-key {"message":"Not Found","documentation_url":"https://docs.github.com/rest"}
